<?xml version="1.0" encoding="UTF-8"?>
<!-- Generated by org.testng.reporters.JUnitXMLReporter -->
<testsuite hostname="zhaowei-pc" name="示例测试" tests="6" failures="0" timestamp="11 Jan 2017 14:28:38 GMT" time="2.567" errors="0">
  <testcase name="normal" time="0.992" classname="example.t1.TestCase"/>
  <testcase name="normal" time="0.249" classname="example.t1.TestCase"/>
  <testcase name="normal" time="0.449" classname="example.t1.TestCase"/>
  <testcase name="normal" time="0.301" classname="example.t1.TestCase"/>
  <testcase name="normal" time="0.184" classname="example.t1.TestCase"/>
  <testcase name="testNormal" time="0.175" classname="example.t1.TestCase"/>
</testsuite> <!-- 示例测试 -->
