<?xml version="1.0" encoding="UTF-8" ?>
<testsuite tests="6" failures="0" name="TestSuite" time="5.079" errors="0" skipped="0">
  <properties>
[...]
</properties>
  <testcase classname="example.t1.TestCase" name="normal" time="0.993"/>
  <testcase classname="example.t1.TestCase" name="normal" time="0.249"/>
  <testcase classname="example.t1.TestCase" name="normal" time="0.449"/>
  <testcase classname="example.t1.TestCase" name="normal" time="0.301"/>
  <testcase classname="example.t1.TestCase" name="normal" time="0.184"/>
  <testcase classname="example.t1.TestCase" name="testNormal" time="0.176"/>
</testsuite>